feature/feature-pdf-tools/build/intermediates/manifest_merge_blame_file/debug/processDebugManifest/manifest-merger-blame-debug-report.txt
1<?xml version="1.0" encoding="utf-8"?>
2<manifest xmlns:android="http://schemas.android.com/apk/res/android"
3    package="com.attri.swissarmy.feature.pdftools" >
4
5    <uses-sdk android:minSdkVersion="36" />
6
7    <uses-permission android:name="android.permission.READ_MEDIA_IMAGES" />
7-->src/main/AndroidManifest.xml:3:5-76
7-->src/main/AndroidManifest.xml:3:22-73
8    <uses-permission android:name="android.permission.READ_MEDIA_VISUAL_USER_SELECTED" />
8-->src/main/AndroidManifest.xml:4:5-90
8-->src/main/AndroidManifest.xml:4:22-87
9
10</manifest>